<?xml version="1.0" encoding="UTF-8"?>
<testng-results ignored="0" total="1" passed="1" failed="0" skipped="0">
  <reporter-output>
  </reporter-output>
  <suite started-at="2023-09-14T03:49:17 EDT" name="Surefire suite" finished-at="2023-09-14T03:49:17 EDT" duration-ms="105">
    <groups>
    </groups>
    <test started-at="2023-09-14T03:49:17 EDT" name="Surefire test" finished-at="2023-09-14T03:49:17 EDT" duration-ms="105">
      <class name="CucumberProject.Automation.AppTest">
        <test-method signature="shouldAnswerWithTrue()" started-at="2023-09-14T03:49:17 EDT" name="shouldAnswerWithTrue" finished-at="2023-09-14T03:49:17 EDT" duration-ms="32" status="PASS">
          <reporter-output>
          </reporter-output>
        </test-method> <!-- shouldAnswerWithTrue -->
      </class> <!-- CucumberProject.Automation.AppTest -->
    </test> <!-- Surefire test -->
  </suite> <!-- Surefire suite -->
</testng-results>
