<?xml version="1.0" encoding="UTF-8"?>
<testng-results ignored="0" total="2" passed="2" failed="0" skipped="0">
  <reporter-output>
  </reporter-output>
  <suite started-at="2024-04-19T19:02:24 EDT" name="Default suite" finished-at="2024-04-19T19:03:00 EDT" duration-ms="35924">
    <groups>
      <group name="cucumber">
        <method signature="AbstractTestNGCucumberTests.runScenario(io.cucumber.testng.PickleWrapper,io.cucumber.testng.FeatureWrapper)[pri:0, instance:testrunner.TestngTestRunner@ae13544]" name="runScenario" class="io.cucumber.testng.AbstractTestNGCucumberTests"/>
      </group> <!-- cucumber -->
    </groups>
    <test started-at="2024-04-19T19:02:24 EDT" name="Default test" finished-at="2024-04-19T19:03:00 EDT" duration-ms="35924">
      <class name="testrunner.TestngTestRunner">
        <test-method is-config="true" signature="setUpClass(org.testng.ITestContext)[pri:0, instance:testrunner.TestngTestRunner@ae13544]" started-at="2024-04-19T19:02:24 EDT" name="setUpClass" finished-at="2024-04-19T19:02:26 EDT" duration-ms="2636" status="PASS">
          <params>
            <param index="0">
              <value>
                <![CDATA[org.testng.TestRunner@1a28aef1]]>
              </value>
            </param>
          </params>
          <reporter-output>
          </reporter-output>
        </test-method> <!-- setUpClass -->
        <test-method signature="runScenario(io.cucumber.testng.PickleWrapper,io.cucumber.testng.FeatureWrapper)[pri:0, instance:testrunner.TestngTestRunner@ae13544]" started-at="2024-04-19T19:02:27 EDT" name="runScenario" description="Runs Cucumber Scenarios" data-provider="scenarios" finished-at="2024-04-19T19:02:59 EDT" duration-ms="32285" status="PASS">
          <params>
            <param index="0">
              <value>
                <![CDATA["place order on main page"]]>
              </value>
            </param>
            <param index="1">
              <value>
                <![CDATA["Search and place the order for products"]]>
              </value>
            </param>
          </params>
          <reporter-output>
          </reporter-output>
        </test-method> <!-- runScenario -->
        <test-method signature="runScenario(io.cucumber.testng.PickleWrapper,io.cucumber.testng.FeatureWrapper)[pri:0, instance:testrunner.TestngTestRunner@ae13544]" started-at="2024-04-19T19:02:27 EDT" name="runScenario" description="Runs Cucumber Scenarios" data-provider="scenarios" finished-at="2024-04-19T19:02:59 EDT" duration-ms="32038" status="PASS">
          <params>
            <param index="0">
              <value>
                <![CDATA["place order on main page"]]>
              </value>
            </param>
            <param index="1">
              <value>
                <![CDATA["Search and place the order for products"]]>
              </value>
            </param>
          </params>
          <reporter-output>
          </reporter-output>
        </test-method> <!-- runScenario -->
        <test-method is-config="true" signature="tearDownClass()[pri:0, instance:testrunner.TestngTestRunner@ae13544]" started-at="2024-04-19T19:02:59 EDT" name="tearDownClass" finished-at="2024-04-19T19:03:00 EDT" duration-ms="839" status="PASS">
          <reporter-output>
          </reporter-output>
        </test-method> <!-- tearDownClass -->
      </class> <!-- testrunner.TestngTestRunner -->
    </test> <!-- Default test -->
  </suite> <!-- Default suite -->
</testng-results>
